     1                                  ; f+(c-2)*(3+a)/(d-4)
     2                                  ; 350+(7-2)*(3+12)/(19-4)=350+5*15/15=355
     3                                  
     4                                  
     5                                  bits 32 ;assembling for the 32 bits architecture
     6                                  ; the start label will be the entry point in the program
     7                                  global  start 
     8                                  
     9                                  extern  exit ; we inform the assembler that the exit symbol is foreign, i.e. it exists even if we won't be defining it
    10                                  
    11                                  import  exit msvcrt.dll; exit is a function that ends the process, it is defined in msvcrt.dll
    12                                          ; msvcrt.dll contains exit, printf and all the other important C-runtime functions
    13                                  segment  data use32 class=data ; the data segment where the variables are declared 
    14 00000000 0C                      	a db 12
    15 00000001 B0                          b db 176
    16 00000002 07                          c db 7
    17 00000003 13                          d db 19
    18 00000004 2C01                        e dw 300
    19 00000006 5E01                        f dw 350
    20 00000008 9001                        g dw 400
    21 0000000A 6400                        h dw 100
    22                                      
    23                                  segment  code use32 class=code ; code segment
    24                                  start: 
    25 00000000 A0[02000000]            	mov al, [c] ; al = c
    26 00000005 2C02                        sub al, 2 ; al = al - 2
    27                                      
    28 00000007 B303                        mov bl, 3 ; bl = 3
    29 00000009 021D[00000000]              add bl, [a] ; bl = bl + a
    30 0000000F F6E3                        mul bl ; ax = ax * bl
    31                                      
    32 00000011 8A1D[03000000]              mov bl, [d] ; bl = d
    33 00000017 80EB04                      sub bl, 4 ; bl = bl - 4
    34 0000001A F6F3                        div bl ; ax = ax / bl
    35                                      
    36 0000001C 668B1D[06000000]            mov bx, [f] ; bx = f
    37 00000023 6601C3                      add bx, ax ; bx = bx + ax
    38                                         
    39 00000026 6A00                    	push   dword 0 ;saves on stack the parameter of the function exit
    40 00000028 FF15[00000000]          	call   [exit] ; function exit is called in order to end the execution of
    41                                  ;the program
