     1                                  ; (e+f)*g
     2                                  ; (300+350)*400=260.000
     3                                  
     4                                  
     5                                  bits 32 ;assembling for the 32 bits architecture
     6                                  ; the start label will be the entry point in the program
     7                                  global  start 
     8                                  
     9                                  extern  exit ; we inform the assembler that the exit symbol is foreign, i.e. it exists even if we won't be defining it
    10                                  
    11                                  import  exit msvcrt.dll; exit is a function that ends the process, it is defined in msvcrt.dll
    12                                          ; msvcrt.dll contains exit, printf and all the other important C-runtime functions
    13                                  segment  data use32 class=data ; the data segment where the variables are declared 
    14 00000000 03                      	a db 3
    15 00000001 B0                          b db 176
    16 00000002 18                          c db 24
    17 00000003 2C                          d db 300
    17          ******************       warning: byte data exceeds bounds [-w+number-overflow]
    18 00000004 2C01                        e dw 300
    19 00000006 5E01                        f dw 350
    20 00000008 9001                        g dw 400
    21 0000000A 6400                        h dw 100
    22                                      
    23                                  segment  code use32 class=code ; code segment
    24                                  start: 
    25 00000000 66A1[08000000]          	mov ax, [g] ; ax = g
    26 00000006 668B1D[04000000]            mov bx, [e] ; bx = e
    27 0000000D 66031D[06000000]            add bx, [f] ; bx = bx + f
    28                                      
    29 00000014 66F7E3                      mul bx
    30                                         
    31 00000017 6A00                    	push   dword 0 ;saves on stack the parameter of the function exit
    32 00000019 FF15[00000000]          	call   [exit] ; function exit is called in order to end the execution of
    33                                  ;the program
