     1                                  ; 200-[3*(c+b-d/a)-300]
     2                                  ; 200-[3*(24+176-300/3)-300]=200-(3*100-300)=200
     3                                  
     4                                  bits 32 ;assembling for the 32 bits architecture
     5                                  ; the start label will be the entry point in the program
     6                                  global  start 
     7                                  
     8                                  extern  exit ; we inform the assembler that the exit symbol is foreign, i.e. it exists even if we won't be defining it
     9                                  
    10                                  import  exit msvcrt.dll; exit is a function that ends the process, it is defined in msvcrt.dll
    11                                          ; msvcrt.dll contains exit, printf and all the other important C-runtime functions
    12                                  segment  data use32 class=data ; the data segment where the variables are declared 
    13 00000000 03                      	a db 3
    14 00000001 B0                          b db 176
    15 00000002 18                          c db 24
    16 00000003 2C01                        d dw 300
    17                                      
    18                                  segment  code use32 class=code ; code segment
    19                                  start: 
    20 00000000 66A1[03000000]          	mov ax, [d] ; ax = d
    21 00000006 F635[00000000]              div byte [a] ; al = ax / a
    22                                      
    23 0000000C 8A1D[02000000]              mov bl, [c] ; bl = c
    24 00000012 021D[01000000]              add bl, [b] ; bl = bx + b
    25 00000018 28C3                        sub bl, al ; bl = bl - al
    26                                      
    27 0000001A 66B80300                    mov ax, 3 ; ax = 3
    28 0000001E F6E3                        mul bl ; ax = ax * bl
    29 00000020 662D2C01                    sub ax, 300 ; ax = ax - 300
    30                                      
    31 00000024 66BBC800                    mov bx, 200 ; bx = 200
    32 00000028 6629C3                      sub bx, ax ; bx = bx - ax
    33                                      
    34                                         
    35 0000002B 6A00                    	push   dword 0 ;saves on stack the parameter of the function exit
    36 0000002D FF15[00000000]          	call   [exit] ; function exit is called in order to end the execution of
    37                                  ;the program
