     1                                  bits 32
     2                                  global start
     3                                  
     4                                  extern exit, fopen, fread, fclose, printf
     5                                  import exit msvcrt.dll
     6                                  import fopen msvcrt.dll
     7                                  import fread msvcrt.dll
     8                                  import fclose msvcrt.dll
     9                                  import printf msvcrt.dll
    10                                  
    11                                  segment data use32 class=data
    12 00000000 70726F62312E747874-         file_name db "prob1.txt", 0
    12 00000009 00                 
    13 0000000A 7200                        access_mode db "r", 0
    14                                      
    15 0000000C FFFFFFFF                    file_descriptor dd -1
    16                                      len equ 100
    17 00000010 00<rept>                    text times len db 0
    18 00000074 00<rept>                    sir times len db 0
    19 000000D8 257300                      format db "%s", 0
    20                                      
    21                                  segment code use32 class=code
    22                                  start:
    23 00000000 68[0A000000]                push dword access_mode
    24 00000005 68[00000000]                push dword file_name
    25 0000000A FF15[00000000]              call [fopen]
    26 00000010 83C408                      add esp, 4 * 2
    27                                      
    28 00000013 A3[0C000000]                mov [file_descriptor], eax
    29 00000018 83F800                      cmp eax, 0
    30 0000001B 0F8483000000                je final
    31                                      
    32 00000021 FF35[0C000000]              push dword [file_descriptor]
    33 00000027 6A64                        push dword len
    34 00000029 6A01                        push dword 1
    35 0000002B 68[10000000]                push dword text
    36 00000030 FF15[00000000]              call [fread]
    37 00000036 83C410                      add esp, 4 * 4
    38                                      
    39 00000039 BE00000000                  mov esi, 0
    40 0000003E BF00000000                  mov edi, 0
    41 00000043 8A15[10000000]              mov dl, [text]
    42                                      Repeta:
    43 00000049 8A9E[10000000]                  mov bl, [text + esi]
    44                                          
    45 0000004F 80FB00                          cmp bl, 0
    46 00000052 7428                            je final_sir
    47 00000054 80FB20                              cmp bl, 32
    48 00000057 7406                                je final_nr
    49 00000059 38D3                                    cmp bl, dl
    50 0000005B 7702                                    ja mai_mare
    51 0000005D 88DA                                        mov dl, bl
    52                                                  
    53                                                  mai_mare:
    54                                              
    55                                              final_nr:
    56                                          
    57 0000005F 80FB20                              cmp bl, 32
    58 00000062 7515                                jne not_new_word
    59 00000064 8897[74000000]                          mov [sir + edi], dl
    60 0000006A 47                                      inc edi
    61 0000006B C687[74000000]20                        mov [sir + edi], byte 32
    62 00000072 47                                      inc edi
    63 00000073 8A96[11000000]                          mov dl, [text + esi + 1]
    64                                                  
    65                                              not_new_word:
    66                                              
    67 00000079 46                              inc esi
    68 0000007A EBCD                            jmp Repeta
    69                                          
    70                                      final_sir:
    71                                      
    72 0000007C 8897[74000000]              mov [sir + edi], dl
    73                                                  
    74 00000082 68[74000000]                push dword sir
    75 00000087 68[D8000000]                push dword format
    76 0000008C FF15[00000000]              call [printf]
    77 00000092 83C408                      add esp, 4 * 2
    78                                      
    79 00000095 FF35[0C000000]              push dword [file_descriptor]
    80 0000009B FF15[00000000]              call [fclose]
    81 000000A1 83C404                      add esp, 4
    82                                      
    83                                      final:
    84                                      
    85 000000A4 6A00                        push dword 0
    86 000000A6 FF15[00000000]              call [exit]
    87                                      
