     1                                  bits 32
     2                                  global start
     3                                  
     4                                  extern exit, fopen, fread, fclose, printf, fprintf
     5                                  import exit msvcrt.dll
     6                                  import fopen msvcrt.dll
     7                                  import fread msvcrt.dll
     8                                  import fclose msvcrt.dll
     9                                  import printf msvcrt.dll
    10                                  import fprintf msvcrt.dll
    11                                  
    12                                  segment data use32 class=data
    13 00000000 70726F625F43726973-         file_name db "prob_Cristi.txt", 0
    13 00000009 74692E74787400     
    14 00000010 7200                        access_mode db "r", 0
    15 00000012 FFFFFFFF                    file_descriptor dd -1
    16                                      
    17 00000016 616263646566676869-         text db "abcdefghij", 0
    17 0000001F 6A00               
    18                                      len equ 10
    19 00000021 00<rept>                    nr times len db 0
    20 0000002B 00<rept>                    sir times (len + 1) db 0
    21 00000036 6F75747075742D692E-         output db "output-i.txt", 0
    21 0000003F 74787400           
    22 00000043 7700                        access_mode_out db "w", 0
    23                                      
    24                                  segment code use32 class=code
    25                                  start:
    26 00000000 68[10000000]                push dword access_mode
    27 00000005 68[00000000]                push dword file_name
    28 0000000A FF15[00000000]              call [fopen]
    29                                      
    30 00000010 A3[12000000]                mov [file_descriptor], eax
    31 00000015 83F800                      cmp eax, 0
    32 00000018 0F84B3000000                je final
    33                                          
    34 0000001E FF35[12000000]                  push dword [file_descriptor]
    35 00000024 6A0A                            push dword len
    36 00000026 6A01                            push dword 1
    37 00000028 68[21000000]                    push dword nr
    38 0000002D FF15[00000000]                  call [fread]
    39 00000033 83C410                          add esp, 4 * 4
    40                                          
    41 00000036 8A1D[21000000]                  mov bl, [nr]
    42 0000003C 80EB30                          sub bl, '0'
    43                                          
    44 0000003F FF35[12000000]                  push dword [file_descriptor]
    45 00000045 FF15[00000000]                  call [fclose]
    46 0000004B 83C404                          add esp, 4
    47                                          
    48 0000004E B000                            mov al, 0
    49 00000050 BA00000000                      mov edx, 0
    50 00000055 BF09000000                      mov edi, 9
    51                                          Repeta:
    52 0000005A BE00000000                          mov esi, 0
    53                                              Repeta_out:
    54 0000005F 8AA6[36000000]                          mov ah, [output + esi]
    55 00000065 80FC69                                  cmp ah, 'i'
    56 00000068 750C                                    jne not_i
    57 0000006A B430                                        mov ah, '0'
    58 0000006C 00C4                                        add ah, al
    59 0000006E 88A6[36000000]                              mov [output + esi], ah
    60 00000074 EB03                                        jmp aici
    61                                                      
    62                                                  not_i:
    63 00000076 46                                      inc esi
    64 00000077 EBE6                                    jmp Repeta_out
    65                                                  
    66                                              aici:
    67 00000079 60                                  pushad
    68                                              
    69 0000007A 68[43000000]                        push dword access_mode_out    
    70 0000007F 68[36000000]                        push dword output
    71 00000084 FF15[00000000]                      call [fopen]
    72 0000008A 83C408                              add esp, 4*2
    73                                              
    74 0000008D 61                                  popad
    75                                                
    76 0000008E 8A8F[16000000]                      mov cl, [text + edi]
    77 00000094 888A[2B000000]                      mov [sir + edx], cl
    78 0000009A 42                                  inc edx
    79 0000009B 4F                                  dec edi
    80                                              
    81 0000009C 60                                  pushad
    82                                                  
    83 0000009D 68[2B000000]                        push dword sir
    84 000000A2 FF35[12000000]                      push dword [file_descriptor]
    85 000000A8 FF15[00000000]                      call [fprintf]
    86 000000AE 83C408                              add esp, 4*2
    87                                              
    88 000000B1 FF35[12000000]                      push dword [file_descriptor]
    89 000000B7 FF15[00000000]                      call [fclose]
    90 000000BD 83C404                              add esp, 4
    91                                              
    92 000000C0 61                                  popad
    93                                              
    94 000000C1 B469                                mov ah, 'i'
    95 000000C3 88A6[36000000]                      mov [output + esi], ah
    96                                              
    97 000000C9 38D8                                cmp al, bl
    98 000000CB 7404                                je final
    99                                              
   100 000000CD FEC0                                inc al
   101 000000CF EB89                                jmp Repeta
   102                                              
   103                                      
   104                                      final:
   105                                      
   106 000000D1 6A00                        push dword 0
   107 000000D3 FF15[00000000]              call [exit]
   108                                      
