     1                                  ; (d-b)-a-(b-c)
     2                                  ; (-180+200)+4-(-200+80)=20+4-(-120)=24+120=144
     3                                  
     4                                  bits 32 ;assembling for the 32 bits architecture
     5                                  ; the start label will be the entry point in the program
     6                                  global  start 
     7                                  
     8                                  extern  exit ; we inform the assembler that the exit symbol is foreign, i.e. it exists even if we won't be defining it
     9                                  
    10                                  import  exit msvcrt.dll; exit is a function that ends the process, it is defined in msvcrt.dll
    11                                          ; msvcrt.dll contains exit, printf and all the other important C-runtime functions
    12                                  segment  data use32 class=data ; the data segment where the variables are declared 
    13 00000000 FC                      	a db -4
    14 00000001 38FF                        b dw -200
    15 00000003 B0FFFFFF                    c dd -80
    16 00000007 4CFFFFFFFFFFFFFF            d dq -180
    17                                      
    18                                  segment  code use32 class=code ; code segment
    19                                  start: 
    20 00000000 8B1D[07000000]              mov ebx, dword [d]
    21 00000006 8B0D[0B000000]              mov ecx, dword [d+4] 
    22                                      
    23 0000000C 66A1[01000000]              mov ax, [b]
    24 00000012 98                          cwde
    25 00000013 99                          cdq
    26                                      
    27 00000014 F8                          clc
    28 00000015 29C3                        sub ebx, eax
    29 00000017 19D1                        sbb ecx, edx ; (d-b)
    30                                      
    31 00000019 A0[00000000]                mov al, [a]
    32 0000001E 6698                        cbw
    33 00000020 98                          cwde
    34 00000021 99                          cdq
    35                                      
    36 00000022 F8                          clc
    37 00000023 29C3                        sub ebx, eax
    38 00000025 19D1                        sbb ecx, edx ; (d-b)-a
    39                                      
    40 00000027 66A1[01000000]              mov ax, [b]
    41 0000002D 98                          cwde
    42 0000002E 2B05[03000000]              sub eax, [c] ; (b-c)
    43 00000034 99                          cdq
    44                                      
    45 00000035 F8                          clc
    46 00000036 29C3                        sub ebx, eax
    47 00000038 19D1                        sbb ecx, edx ; (d-b)-a-(b-c)
    48                                      
    49 0000003A 6A00                    	push   dword 0 ;saves on stack the parameter of the function exit
    50 0000003C FF15[00000000]          	call   [exit] ; function exit is called in order to end the execution of
    51                                  ;the program
