[2025-04-26 09:56:07] [info] Start Program:
Path:"E:\Rares\facultate\anul 1\sem2\oop\assignements\a6-7-RaresFM12\Assignement6_7\x64\Debug\Assignement6_7.exe"
Arguments:
Working directory: "E:\Rares\facultate\anul 1\sem2\oop\assignements\a6-7-RaresFM12\Assignement6_7\Assignement6_7\"
Modules: Selected: E:\Rares\facultate\anul 1\sem2\oop\assignements\a6-7-RaresFM12\Assignement6_7\x64\Debug\Assignement6_7.exe Excluded: 
Sources: Selected: E:\Rares\facultate\anul 1\sem2\oop\assignements\a6-7-RaresFM12\Assignement6_7\Assignement6_7 Excluded: 
Log Level: Normal
Cover Children: 0
Aggregate by file: 1
Continue after C++ exception: 0
Optimized build support: 0
Export: Binary C:\Users\Rares\AppData\Local\Temp\u1widzww.2xk 
Input coverage: 
Unified diff: 
Excluded line regular expressions: 
Substitute pdb source paths: 

[2025-04-26 09:56:07] [info] Module: E:\Rares\facultate\anul 1\sem2\oop\assignements\a6-7-RaresFM12\Assignement6_7\x64\Debug\Assignement6_7.exe is selected because it matches selected pattern: E:\Rares\facultate\anul 1\sem2\oop\assignements\a6-7-RaresFM12\Assignement6_7\x64\Debug\Assignement6_7.exe
[2025-04-26 09:56:11] [info] ----------------------------------------------------
[2025-04-26 09:56:11] [info] Coverage binary generated in file: C:\Users\Rares\AppData\Local\Temp\u1widzww.2xk
[2025-04-26 09:56:11] [info] ----------------------------------------------------
